<?xml version="1.0" encoding="UTF-8"?>
<testsuite name="academy choucair" tests="1" skipped="1" failures="0" errors="0" timestamp="2021-01-18T16:18:55" hostname="LAPTOP-BA2ASE7N" time="0.036">
  <properties/>
  <testcase name="search for automation course" classname="academy choucair" time="0.036">
    <skipped/>
  </testcase>
  <system-out><![CDATA[]]></system-out>
  <system-err><![CDATA[[Test worker] WARN net.thucydides.core.steps.BaseStepListener - stepStarted: net.thucydides.core.steps.ExecutedStepDescription@787bc828
[Test worker] INFO net.thucydides.core.steps.ConsoleLoggingListener - TEST PENDING
[Test worker] WARN net.thucydides.core.steps.BaseStepListener - stepStarted: net.thucydides.core.steps.ExecutedStepDescription@43c4125e
[Test worker] WARN net.thucydides.core.steps.BaseStepListener - stepStarted: net.thucydides.core.steps.ExecutedStepDescription@6285be76
[Test worker] WARN net.thucydides.core.steps.BaseStepListener - testFinished: search for automation course:Given than brandon wants to learn automation at the academy choucair
| strUser | strPassword |, When he search for the course Bancolombia Automation Resources on the choucair academy plataform
| strCourse |, Then he fidns the course called Bancolombia Automation Resources
| strCourse |
[Test worker] WARN net.thucydides.core.steps.BaseStepListener - TestOutcomes: [search for automation course:Given than brandon wants to learn automation at the academy choucair
| strUser | strPassword |, When he search for the course Bancolombia Automation Resources on the choucair academy plataform
| strCourse |, Then he fidns the course called Bancolombia Automation Resources
| strCourse |]
[Test worker] WARN net.thucydides.core.steps.BaseStepListener - Final testOutcomes: [search for automation course:Given than brandon wants to learn automation at the academy choucair
| strUser | strPassword |, When he search for the course Bancolombia Automation Resources on the choucair academy plataform
| strCourse |, Then he fidns the course called Bancolombia Automation Resources
| strCourse |]
[Test worker] INFO net.thucydides.core.steps.ConsoleLoggingListener - 
          __  _____ _____ ____ _____   ____  _____ _   _ ____ ___ _   _  ____ 
 _       / / |_   _| ____/ ___|_   _| |  _ \| ____| \ | |  _ \_ _| \ | |/ ___|
(_)____ / /    | | |  _| \___ \ | |   | |_) |  _| |  \| | | | | ||  \| | |  _ 
 |_____/ /     | | | |___ ___) || |   |  __/| |___| |\  | |_| | || |\  | |_| |
(_)   /_/      |_| |_____|____/ |_|   |_|   |_____|_| \_|____/___|_| \_|\____|
                                                                                

TEST PENDING: search for automation course
---------------------------------------------------------------------------------
]]></system-err>
</testsuite>
